{
    "environment":{
        "os":"nt",
        "zephyr_version":"v3.4.0-rc1",
        "toolchain":"zephyr",
        "commit_date":"2023-05-28T14:20:21-04:00",
        "run_date":"2024-04-08T10:20:42+00:00"
    },
    "testsuites":[
        {
            "name":"lib\\custom_lib\\lib.custom_lib",
            "arch":"arm",
            "platform":"qemu_cortex_m0",
            "run_id":"a37cf6f8b5639394d65f3dd0379f5414",
            "runnable":false,
            "retries":0,
            "status":"error",
            "reason":"Build failure",
            "log":"Loading Zephyr default modules (Zephyr base).\r\n-- Application: D:/UW_assignment/firmware_workspace/assignment_10/tests/lib/custom_lib\r\n-- CMake version: 3.28.3\r\n-- Found Python3: C:/Users/ThoNhan/AppData/Local/Programs/Python/Python312/python.exe (found suitable exact version \"3.12.2\") found components: Interpreter \r\n-- Cache files will be written to: D:/UW_assignment/firmware_workspace/zephyr/.cache\r\n-- Zephyr version: 3.4.0-rc1 (D:/UW_assignment/firmware_workspace/zephyr)\r\n-- Found west (found suitable version \"1.2.0\", minimum required is \"0.14.0\")\r\n-- Board: qemu_cortex_m0\r\n-- ZEPHYR_TOOLCHAIN_VARIANT not set, trying to locate Zephyr SDK\r\n-- Found host-tools: zephyr 0.16.4 (C:/Users/ThoNhan/zephyr-sdk-0.16.4)\r\n-- Found toolchain: zephyr 0.16.4 (C:/Users/ThoNhan/zephyr-sdk-0.16.4)\r\n-- Found Dtc: C:/ProgramData/chocolatey/bin/dtc.exe (found suitable version \"1.5.0\", minimum required is \"1.4.6\") \r\n-- Found BOARD.dts: D:/UW_assignment/firmware_workspace/zephyr/boards/arm/qemu_cortex_m0/qemu_cortex_m0.dts\r\n-- Generated zephyr.dts: D:/UW_assignment/firmware_workspace/assignment_10/twister-out/qemu_cortex_m0/lib/custom_lib/lib.custom_lib/zephyr/zephyr.dts\r\n-- Generated devicetree_generated.h: D:/UW_assignment/firmware_workspace/assignment_10/twister-out/qemu_cortex_m0/lib/custom_lib/lib.custom_lib/zephyr/include/generated/devicetree_generated.h\r\n-- Including generated dts.cmake file: D:/UW_assignment/firmware_workspace/assignment_10/twister-out/qemu_cortex_m0/lib/custom_lib/lib.custom_lib/zephyr/dts.cmake\r\nParsing D:/UW_assignment/firmware_workspace/zephyr/Kconfig\r\r\nLoaded configuration 'D:/UW_assignment/firmware_workspace/zephyr/boards/arm/qemu_cortex_m0/qemu_cortex_m0_defconfig'\r\r\nMerged configuration 'D:/UW_assignment/firmware_workspace/assignment_10/tests/lib/custom_lib/prj.conf'\r\r\nMerged configuration 'D:/UW_assignment/firmware_workspace/assignment_10/twister-out/qemu_cortex_m0/lib/custom_lib/lib.custom_lib/zephyr/misc/generated/extra_kconfig_options.conf'\r\r\nConfiguration saved to 'D:/UW_assignment/firmware_workspace/assignment_10/twister-out/qemu_cortex_m0/lib/custom_lib/lib.custom_lib/zephyr/.config'\r\r\nKconfig header saved to 'D:/UW_assignment/firmware_workspace/assignment_10/twister-out/qemu_cortex_m0/lib/custom_lib/lib.custom_lib/zephyr/include/generated/autoconf.h'\r\r\n-- Found GnuLd: c:/users/thonhan/zephyr-sdk-0.16.4/arm-zephyr-eabi/bin/../lib/gcc/arm-zephyr-eabi/12.2.0/../../../../arm-zephyr-eabi/bin/ld.bfd.exe (found version \"2.38\") \r\n-- The C compiler identification is GNU 12.2.0\r\n-- The CXX compiler identification is GNU 12.2.0\r\n-- The ASM compiler identification is GNU\r\n-- Found assembler: C:/Users/ThoNhan/zephyr-sdk-0.16.4/arm-zephyr-eabi/bin/arm-zephyr-eabi-gcc.exe\r\n-- Configuring done (58.3s)\r\n-- Generating done (0.5s)\r\n-- Build files have been written to: D:/UW_assignment/firmware_workspace/assignment_10/twister-out/qemu_cortex_m0/lib/custom_lib/lib.custom_lib\r\n[1/163] Generating include/generated/version.h\r\r\n-- Zephyr version: 3.4.0-rc1 (D:/UW_assignment/firmware_workspace/zephyr), build: v3.4.0-rc1\r\r\n[2/163] Generating misc/generated/syscalls.json, misc/generated/struct_tags.json\r\r\n[3/163] Generating include/generated/syscall_dispatch.c, include/generated/syscall_list.h\r\r\n[4/163] Generating include/generated/kobj-types-enum.h, include/generated/otype-to-str.h, include/generated/otype-to-size.h\r\r\n[5/163] Generating include/generated/driver-validation.h\r\r\n[6/163] Building C object zephyr/CMakeFiles/offsets.dir/arch/arm/core/offsets/offsets.c.obj\r\r\n[7/163] Generating include/generated/offsets.h\r\r\n[8/163] Building C object zephyr/CMakeFiles/zephyr.dir/lib/os/sem.c.obj\r\r\n[9/163] Building C object zephyr/CMakeFiles/zephyr.dir/lib/os/dec.c.obj\r\r\n[10/163] Building C object zephyr/CMakeFiles/zephyr.dir/lib/os/hex.c.obj\r\r\n[11/163] Building C object zephyr/CMakeFiles/zephyr.dir/lib/os/printk.c.obj\r\r\n[12/163] Building C object zephyr/CMakeFiles/zephyr.dir/lib/os/fdtable.c.obj\r\r\n[13/163] Building C object zephyr/CMakeFiles/zephyr.dir/lib/os/thread_entry.c.obj\r\r\n[14/163] Building C object zephyr/CMakeFiles/zephyr.dir/lib/os/timeutil.c.obj\r\r\n[15/163] Building C object zephyr/CMakeFiles/zephyr.dir/lib/os/rb.c.obj\r\r\n[16/163] Building C object zephyr/CMakeFiles/zephyr.dir/lib/os/cbprintf_packaged.c.obj\r\r\n[17/163] Building C object CMakeFiles/app.dir/src/main.c.obj\r\r\nFAILED: CMakeFiles/app.dir/src/main.c.obj \r\r\nC:\\Users\\ThoNhan\\zephyr-sdk-0.16.4\\arm-zephyr-eabi\\bin\\arm-zephyr-eabi-gcc.exe -DKERNEL -DNRF51 -DNRF51422_XXAA -DTC_RUNID=a37cf6f8b5639394d65f3dd0379f5414 -D__PROGRAM_START -D__ZEPHYR__=1 -ID:/UW_assignment/firmware_workspace/zephyr/include -ID:/UW_assignment/firmware_workspace/assignment_10/twister-out/qemu_cortex_m0/lib/custom_lib/lib.custom_lib/zephyr/include/generated -ID:/UW_assignment/firmware_workspace/zephyr/soc/arm/nordic_nrf/nrf51 -ID:/UW_assignment/firmware_workspace/zephyr/soc/arm/nordic_nrf/common/. -ID:/UW_assignment/firmware_workspace/zephyr/subsys/testsuite/include -ID:/UW_assignment/firmware_workspace/zephyr/subsys/testsuite/ztest/include -ID:/UW_assignment/firmware_workspace/assignment_9/include -ID:/UW_assignment/firmware_workspace/modules/hal/cmsis/CMSIS/Core/Include -ID:/UW_assignment/firmware_workspace/modules/hal/nordic/nrfx -ID:/UW_assignment/firmware_workspace/modules/hal/nordic/nrfx/drivers/include -ID:/UW_assignment/firmware_workspace/modules/hal/nordic/nrfx/mdk -ID:/UW_assignment/firmware_workspace/zephyr/modules/hal_nordic/nrfx/. -isystem D:/UW_assignment/firmware_workspace/zephyr/lib/libc/minimal/include -isystem c:/users/thonhan/zephyr-sdk-0.16.4/arm-zephyr-eabi/bin/../lib/gcc/arm-zephyr-eabi/12.2.0/include -isystem c:/users/thonhan/zephyr-sdk-0.16.4/arm-zephyr-eabi/bin/../lib/gcc/arm-zephyr-eabi/12.2.0/include-fixed -fno-strict-aliasing -Werror -Os -imacros D:/UW_assignment/firmware_workspace/assignment_10/twister-out/qemu_cortex_m0/lib/custom_lib/lib.custom_lib/zephyr/include/generated/autoconf.h -ffreestanding -fno-common -g -gdwarf-4 -fdiagnostics-color=always -mcpu=cortex-m0 -mthumb -mabi=aapcs -mfp16-format=ieee --sysroot=C:/Users/ThoNhan/zephyr-sdk-0.16.4/arm-zephyr-eabi/arm-zephyr-eabi -imacros D:/UW_assignment/firmware_workspace/zephyr/include/zephyr/toolchain/zephyr_stdint.h -Wall -Wformat -Wformat-security -Wno-format-zero-length -Wno-pointer-sign -Wpointer-arith -Wexpansion-to-defined -Wno-unused-but-set-variable -Werror=implicit-int -fno-pic -fno-pie -fno-asynchronous-unwind-tables -fno-reorder-functions --param=min-pagesize=0 -fno-defer-pop -fmacro-prefix-map=D:/UW_assignment/firmware_workspace/assignment_10/tests/lib/custom_lib=CMAKE_SOURCE_DIR -fmacro-prefix-map=D:/UW_assignment/firmware_workspace/zephyr=ZEPHYR_BASE -fmacro-prefix-map=D:/UW_assignment/firmware_workspace=WEST_TOPDIR -ffunction-sections -fdata-sections -std=c99 -nostdinc -MD -MT CMakeFiles/app.dir/src/main.c.obj -MF CMakeFiles\\app.dir\\src\\main.c.obj.d -o CMakeFiles/app.dir/src/main.c.obj -c D:/UW_assignment/firmware_workspace/assignment_10/tests/lib/custom_lib/src/main.c\r\nIn file included from D:/UW_assignment/firmware_workspace/zephyr/subsys/testsuite/ztest/include/zephyr/ztest.h:49,\r\n                 from D:/UW_assignment/firmware_workspace/assignment_10/tests/lib/custom_lib/src/main.c:16:\r\nD:/UW_assignment/firmware_workspace/assignment_10/tests/lib/custom_lib/src/main.c: In function 'custom_lib_test_add_two_number':\r\nD:/UW_assignment/firmware_workspace/assignment_10/tests/lib/custom_lib/src/main.c:43:23: error: implicit declaration of function 'custom_lib_add_two_number'; did you mean 'custom_lib_test_add_two_number'? [-Werror=implicit-function-declaration]\r\n   43 |         zassert_equal(custom_lib_add_two_number(1,1), 2,\r\n      |                       ^~~~~~~~~~~~~~~~~~~~~~~~~\r\nD:/UW_assignment/firmware_workspace/zephyr/subsys/testsuite/ztest/include/zephyr/ztest_assert.h:175:39: note: in definition of macro '_zassert_base'\r\n  175 |                 bool _ret = z_zassert(cond, _msg ? (\"(\" default_msg \")\") : (default_msg), __FILE__,\\\r\n      |                                       ^~~~\r\nD:/UW_assignment/firmware_workspace/zephyr/subsys/testsuite/ztest/include/zephyr/ztest_assert.h:189:9: note: in expansion of macro '_zassert_va'\r\n  189 |         _zassert_va(cond, default_msg, COND_CODE_1(__VA_OPT__(1), (__VA_ARGS__), (NULL)))\r\n      |         ^~~~~~~~~~~\r\nD:/UW_assignment/firmware_workspace/zephyr/subsys/testsuite/ztest/include/zephyr/ztest_assert.h:308:34: note: in expansion of macro 'zassert'\r\n  308 | #define zassert_equal(a, b, ...) zassert((a) == (b), #a \" not equal to \" #b, ##__VA_ARGS__)\r\n      |                                  ^~~~~~~\r\nD:/UW_assignment/firmware_workspace/assignment_10/tests/lib/custom_lib/src/main.c:43:9: note: in expansion of macro 'zassert_equal'\r\n   43 |         zassert_equal(custom_lib_add_two_number(1,1), 2,\r\n      |         ^~~~~~~~~~~~~\r\nD:/UW_assignment/firmware_workspace/assignment_10/tests/lib/custom_lib/src/main.c:45:23: error: too many arguments to function 'custom_lib_get_value'\r\n   45 |         zassert_equal(custom_lib_get_value(1, -1), 0,\r\n      |                       ^~~~~~~~~~~~~~~~~~~~\r\nD:/UW_assignment/firmware_workspace/zephyr/subsys/testsuite/ztest/include/zephyr/ztest_assert.h:175:39: note: in definition of macro '_zassert_base'\r\n  175 |                 bool _ret = z_zassert(cond, _msg ? (\"(\" default_msg \")\") : (default_msg), __FILE__,\\\r\n      |                                       ^~~~\r\nD:/UW_assignment/firmware_workspace/zephyr/subsys/testsuite/ztest/include/zephyr/ztest_assert.h:189:9: note: in expansion of macro '_zassert_va'\r\n  189 |         _zassert_va(cond, default_msg, COND_CODE_1(__VA_OPT__(1), (__VA_ARGS__), (NULL)))\r\n      |         ^~~~~~~~~~~\r\nD:/UW_assignment/firmware_workspace/zephyr/subsys/testsuite/ztest/include/zephyr/ztest_assert.h:308:34: note: in expansion of macro 'zassert'\r\n  308 | #define zassert_equal(a, b, ...) zassert((a) == (b), #a \" not equal to \" #b, ##__VA_ARGS__)\r\n      |                                  ^~~~~~~\r\nD:/UW_assignment/firmware_workspace/assignment_10/tests/lib/custom_lib/src/main.c:45:9: note: in expansion of macro 'zassert_equal'\r\n   45 |         zassert_equal(custom_lib_get_value(1, -1), 0,\r\n      |         ^~~~~~~~~~~~~\r\nIn file included from D:/UW_assignment/firmware_workspace/assignment_10/tests/lib/custom_lib/src/main.c:18:\r\nD:/UW_assignment/firmware_workspace/assignment_9/include/custom_lib/custom_lib.h:22:5: note: declared here\r\n   22 | int custom_lib_get_value(int return_value_if_nonzero);\r\n      |     ^~~~~~~~~~~~~~~~~~~~\r\nD:/UW_assignment/firmware_workspace/assignment_10/tests/lib/custom_lib/src/main.c:47:23: error: too many arguments to function 'custom_lib_get_value'\r\n   47 |         zassert_equal(custom_lib_get_value(-1,1), 0,\r\n      |                       ^~~~~~~~~~~~~~~~~~~~\r\nD:/UW_assignment/firmware_workspace/zephyr/subsys/testsuite/ztest/include/zephyr/ztest_assert.h:175:39: note: in definition of macro '_zassert_base'\r\n  175 |                 bool _ret = z_zassert(cond, _msg ? (\"(\" default_msg \")\") : (default_msg), __FILE__,\\\r\n      |                                       ^~~~\r\nD:/UW_assignment/firmware_workspace/zephyr/subsys/testsuite/ztest/include/zephyr/ztest_assert.h:189:9: note: in expansion of macro '_zassert_va'\r\n  189 |         _zassert_va(cond, default_msg, COND_CODE_1(__VA_OPT__(1), (__VA_ARGS__), (NULL)))\r\n      |         ^~~~~~~~~~~\r\nD:/UW_assignment/firmware_workspace/zephyr/subsys/testsuite/ztest/include/zephyr/ztest_assert.h:308:34: note: in expansion of macro 'zassert'\r\n  308 | #define zassert_equal(a, b, ...) zassert((a) == (b), #a \" not equal to \" #b, ##__VA_ARGS__)\r\n      |                                  ^~~~~~~\r\nD:/UW_assignment/firmware_workspace/assignment_10/tests/lib/custom_lib/src/main.c:47:9: note: in expansion of macro 'zassert_equal'\r\n   47 |         zassert_equal(custom_lib_get_value(-1,1), 0,\r\n      |         ^~~~~~~~~~~~~\r\nD:/UW_assignment/firmware_workspace/assignment_9/include/custom_lib/custom_lib.h:22:5: note: declared here\r\n   22 | int custom_lib_get_value(int return_value_if_nonzero);\r\n      |     ^~~~~~~~~~~~~~~~~~~~\r\nD:/UW_assignment/firmware_workspace/assignment_10/tests/lib/custom_lib/src/main.c:49:23: error: too many arguments to function 'custom_lib_get_value'\r\n   49 |         zassert_equal(custom_lib_get_value(1,0), 1,\r\n      |                       ^~~~~~~~~~~~~~~~~~~~\r\nD:/UW_assignment/firmware_workspace/zephyr/subsys/testsuite/ztest/include/zephyr/ztest_assert.h:175:39: note: in definition of macro '_zassert_base'\r\n  175 |                 bool _ret = z_zassert(cond, _msg ? (\"(\" default_msg \")\") : (default_msg), __FILE__,\\\r\n      |                                       ^~~~\r\nD:/UW_assignment/firmware_workspace/zephyr/subsys/testsuite/ztest/include/zephyr/ztest_assert.h:189:9: note: in expansion of macro '_zassert_va'\r\n  189 |         _zassert_va(cond, default_msg, COND_CODE_1(__VA_OPT__(1), (__VA_ARGS__), (NULL)))\r\n      |         ^~~~~~~~~~~\r\nD:/UW_assignment/firmware_workspace/zephyr/subsys/testsuite/ztest/include/zephyr/ztest_assert.h:308:34: note: in expansion of macro 'zassert'\r\n  308 | #define zassert_equal(a, b, ...) zassert((a) == (b), #a \" not equal to \" #b, ##__VA_ARGS__)\r\n      |                                  ^~~~~~~\r\nD:/UW_assignment/firmware_workspace/assignment_10/tests/lib/custom_lib/src/main.c:49:9: note: in expansion of macro 'zassert_equal'\r\n   49 |         zassert_equal(custom_lib_get_value(1,0), 1,\r\n      |         ^~~~~~~~~~~~~\r\nD:/UW_assignment/firmware_workspace/assignment_9/include/custom_lib/custom_lib.h:22:5: note: declared here\r\n   22 | int custom_lib_get_value(int return_value_if_nonzero);\r\n      |     ^~~~~~~~~~~~~~~~~~~~\r\nD:/UW_assignment/firmware_workspace/assignment_10/tests/lib/custom_lib/src/main.c:51:23: error: too many arguments to function 'custom_lib_get_value'\r\n   51 |         zassert_equal(custom_lib_get_value( -1,0), -1,\r\n      |                       ^~~~~~~~~~~~~~~~~~~~\r\nD:/UW_assignment/firmware_workspace/zephyr/subsys/testsuite/ztest/include/zephyr/ztest_assert.h:175:39: note: in definition of macro '_zassert_base'\r\n  175 |                 bool _ret = z_zassert(cond, _msg ? (\"(\" default_msg \")\") : (default_msg), __FILE__,\\\r\n      |                                       ^~~~\r\nD:/UW_assignment/firmware_workspace/zephyr/subsys/testsuite/ztest/include/zephyr/ztest_assert.h:189:9: note: in expansion of macro '_zassert_va'\r\n  189 |         _zassert_va(cond, default_msg, COND_CODE_1(__VA_OPT__(1), (__VA_ARGS__), (NULL)))\r\n      |         ^~~~~~~~~~~\r\nD:/UW_assignment/firmware_workspace/zephyr/subsys/testsuite/ztest/include/zephyr/ztest_assert.h:308:34: note: in expansion of macro 'zassert'\r\n  308 | #define zassert_equal(a, b, ...) zassert((a) == (b), #a \" not equal to \" #b, ##__VA_ARGS__)\r\n      |                                  ^~~~~~~\r\nD:/UW_assignment/firmware_workspace/assignment_10/tests/lib/custom_lib/src/main.c:51:9: note: in expansion of macro 'zassert_equal'\r\n   51 |         zassert_equal(custom_lib_get_value( -1,0), -1,\r\n      |         ^~~~~~~~~~~~~\r\nD:/UW_assignment/firmware_workspace/assignment_9/include/custom_lib/custom_lib.h:22:5: note: declared here\r\n   22 | int custom_lib_get_value(int return_value_if_nonzero);\r\n      |     ^~~~~~~~~~~~~~~~~~~~\r\nD:/UW_assignment/firmware_workspace/assignment_10/tests/lib/custom_lib/src/main.c:53:23: error: too many arguments to function 'custom_lib_get_value'\r\n   53 |         zassert_equal(custom_lib_get_value(0,0), 0,\r\n      |                       ^~~~~~~~~~~~~~~~~~~~\r\nD:/UW_assignment/firmware_workspace/zephyr/subsys/testsuite/ztest/include/zephyr/ztest_assert.h:175:39: note: in definition of macro '_zassert_base'\r\n  175 |                 bool _ret = z_zassert(cond, _msg ? (\"(\" default_msg \")\") : (default_msg), __FILE__,\\\r\n      |                                       ^~~~\r\nD:/UW_assignment/firmware_workspace/zephyr/subsys/testsuite/ztest/include/zephyr/ztest_assert.h:189:9: note: in expansion of macro '_zassert_va'\r\n  189 |         _zassert_va(cond, default_msg, COND_CODE_1(__VA_OPT__(1), (__VA_ARGS__), (NULL)))\r\n      |         ^~~~~~~~~~~\r\nD:/UW_assignment/firmware_workspace/zephyr/subsys/testsuite/ztest/include/zephyr/ztest_assert.h:308:34: note: in expansion of macro 'zassert'\r\n  308 | #define zassert_equal(a, b, ...) zassert((a) == (b), #a \" not equal to \" #b, ##__VA_ARGS__)\r\n      |                                  ^~~~~~~\r\r\nD:/UW_assignment/firmware_workspace/assignment_10/tests/lib/custom_lib/src/main.c:53:9: note: in expansion of macro 'zassert_equal'\r\r\n   53 |         zassert_equal(custom_lib_get_value(0,0), 0,\r\r\n      |         ^~~~~~~~~~~~~\r\r\nD:/UW_assignment/firmware_workspace/assignment_9/include/custom_lib/custom_lib.h:22:5: note: declared here\r\r\n   22 | int custom_lib_get_value(int return_value_if_nonzero);\r\r\n      |     ^~~~~~~~~~~~~~~~~~~~\r\r\ncc1.exe: all warnings being treated as errors\r\r\n[18/163] Building C object zephyr/CMakeFiles/zephyr.dir/lib/os/crc32c_sw.c.obj\r\r\n[19/163] Building C object zephyr/CMakeFiles/zephyr.dir/lib/os/heap-validate.c.obj\r\r\n[20/163] Building C object zephyr/CMakeFiles/zephyr.dir/lib/os/crc16_sw.c.obj\r\r\n[21/163] Building C object zephyr/CMakeFiles/zephyr.dir/lib/os/notify.c.obj\r\r\n[22/163] Building C object zephyr/CMakeFiles/zephyr.dir/lib/os/crc32_sw.c.obj\r\r\n[23/163] Building C object zephyr/CMakeFiles/zephyr.dir/lib/os/multi_heap.c.obj\r\r\n[24/163] Building C object zephyr/CMakeFiles/zephyr.dir/lib/os/bitarray.c.obj\r\r\n[25/163] Building C object zephyr/CMakeFiles/zephyr.dir/lib/os/heap.c.obj\r\r\n[26/163] Building C object zephyr/CMakeFiles/zephyr.dir/lib/os/onoff.c.obj\r\r\nninja: build stopped: subcommand failed.\r\r\n",
            "execution_time":"0.00",
            "testcases":[
                {
                    "identifier":"lib.custom_lib.get_value",
                    "execution_time":"0.00",
                    "status":"blocked",
                    "reason":"Build failure"
                },
                {
                    "identifier":"lib.custom_lib.add_two_number",
                    "execution_time":"0.00",
                    "status":"blocked",
                    "reason":"Build failure"
                }
            ]
        },
        {
            "name":"lib\\custom_lib\\lib.custom_lib.non_default",
            "arch":"arm",
            "platform":"qemu_cortex_m0",
            "run_id":"6f84d8179b97f9a3e786b5183ebed034",
            "runnable":false,
            "retries":0,
            "status":"error",
            "reason":"Build failure",
            "log":"Loading Zephyr default modules (Zephyr base).\r\n-- Application: D:/UW_assignment/firmware_workspace/assignment_10/tests/lib/custom_lib\r\n-- CMake version: 3.28.3\r\n-- Found Python3: C:/Users/ThoNhan/AppData/Local/Programs/Python/Python312/python.exe (found suitable exact version \"3.12.2\") found components: Interpreter \r\n-- Cache files will be written to: D:/UW_assignment/firmware_workspace/zephyr/.cache\r\n-- Zephyr version: 3.4.0-rc1 (D:/UW_assignment/firmware_workspace/zephyr)\r\n-- Found west (found suitable version \"1.2.0\", minimum required is \"0.14.0\")\r\n-- Board: qemu_cortex_m0\r\n-- ZEPHYR_TOOLCHAIN_VARIANT not set, trying to locate Zephyr SDK\r\n-- Found host-tools: zephyr 0.16.4 (C:/Users/ThoNhan/zephyr-sdk-0.16.4)\r\n-- Found toolchain: zephyr 0.16.4 (C:/Users/ThoNhan/zephyr-sdk-0.16.4)\r\n-- Found Dtc: C:/ProgramData/chocolatey/bin/dtc.exe (found suitable version \"1.5.0\", minimum required is \"1.4.6\") \r\n-- Found BOARD.dts: D:/UW_assignment/firmware_workspace/zephyr/boards/arm/qemu_cortex_m0/qemu_cortex_m0.dts\r\n-- Generated zephyr.dts: D:/UW_assignment/firmware_workspace/assignment_10/twister-out/qemu_cortex_m0/lib/custom_lib/lib.custom_lib.non_default/zephyr/zephyr.dts\r\n-- Generated devicetree_generated.h: D:/UW_assignment/firmware_workspace/assignment_10/twister-out/qemu_cortex_m0/lib/custom_lib/lib.custom_lib.non_default/zephyr/include/generated/devicetree_generated.h\r\n-- Including generated dts.cmake file: D:/UW_assignment/firmware_workspace/assignment_10/twister-out/qemu_cortex_m0/lib/custom_lib/lib.custom_lib.non_default/zephyr/dts.cmake\r\nParsing D:/UW_assignment/firmware_workspace/zephyr/Kconfig\r\r\nLoaded configuration 'D:/UW_assignment/firmware_workspace/zephyr/boards/arm/qemu_cortex_m0/qemu_cortex_m0_defconfig'\r\r\nMerged configuration 'D:/UW_assignment/firmware_workspace/assignment_10/tests/lib/custom_lib/prj.conf'\r\r\nMerged configuration 'D:/UW_assignment/firmware_workspace/assignment_10/twister-out/qemu_cortex_m0/lib/custom_lib/lib.custom_lib.non_default/zephyr/misc/generated/extra_kconfig_options.conf'\r\r\nConfiguration saved to 'D:/UW_assignment/firmware_workspace/assignment_10/twister-out/qemu_cortex_m0/lib/custom_lib/lib.custom_lib.non_default/zephyr/.config'\r\r\nKconfig header saved to 'D:/UW_assignment/firmware_workspace/assignment_10/twister-out/qemu_cortex_m0/lib/custom_lib/lib.custom_lib.non_default/zephyr/include/generated/autoconf.h'\r\r\n-- Found GnuLd: c:/users/thonhan/zephyr-sdk-0.16.4/arm-zephyr-eabi/bin/../lib/gcc/arm-zephyr-eabi/12.2.0/../../../../arm-zephyr-eabi/bin/ld.bfd.exe (found version \"2.38\") \r\n-- The C compiler identification is GNU 12.2.0\r\n-- The CXX compiler identification is GNU 12.2.0\r\n-- The ASM compiler identification is GNU\r\n-- Found assembler: C:/Users/ThoNhan/zephyr-sdk-0.16.4/arm-zephyr-eabi/bin/arm-zephyr-eabi-gcc.exe\r\n-- Configuring done (58.5s)\r\nCMake Warning in D:/UW_assignment/firmware_workspace/zephyr/drivers/interrupt_controller/CMakeLists.txt:\r\n  The object file directory\r\n\r\n    D:/UW_assignment/firmware_workspace/assignment_10/twister-out/qemu_cortex_m0/lib/custom_lib/lib.custom_lib.non_default/zephyr/drivers/interrupt_controller/CMakeFiles/drivers__interrupt_controller.dir/./\r\n\r\n  has 202 characters.  The maximum full path to an object file is 250\r\n  characters (see CMAKE_OBJECT_PATH_MAX).  Object file\r\n\r\n    18def70f71f603c3b6efaf95286063cb/empty_file.c.obj\r\n\r\n  cannot be safely placed under this directory.  The build may not work\r\n  correctly.\r\n\r\n\r\n-- Generating done (0.5s)\r\n-- Build files have been written to: D:/UW_assignment/firmware_workspace/assignment_10/twister-out/qemu_cortex_m0/lib/custom_lib/lib.custom_lib.non_default\r\n[1/163] Generating include/generated/version.h\r\r\n-- Zephyr version: 3.4.0-rc1 (D:/UW_assignment/firmware_workspace/zephyr), build: v3.4.0-rc1\r\r\n[2/163] Generating misc/generated/syscalls.json, misc/generated/struct_tags.json\r\r\n[3/163] Generating include/generated/syscall_dispatch.c, include/generated/syscall_list.h\r\r\n[4/163] Generating include/generated/kobj-types-enum.h, include/generated/otype-to-str.h, include/generated/otype-to-size.h\r\r\n[5/163] Generating include/generated/driver-validation.h\r\r\n[6/163] Building C object zephyr/CMakeFiles/offsets.dir/arch/arm/core/offsets/offsets.c.obj\r\r\n[7/163] Generating include/generated/offsets.h\r\r\n[8/163] Building C object CMakeFiles/app.dir/src/main.c.obj\r\r\nFAILED: CMakeFiles/app.dir/src/main.c.obj \r\r\nC:\\Users\\ThoNhan\\zephyr-sdk-0.16.4\\arm-zephyr-eabi\\bin\\arm-zephyr-eabi-gcc.exe -DKERNEL -DNRF51 -DNRF51422_XXAA -DTC_RUNID=6f84d8179b97f9a3e786b5183ebed034 -D__PROGRAM_START -D__ZEPHYR__=1 -ID:/UW_assignment/firmware_workspace/zephyr/include -ID:/UW_assignment/firmware_workspace/assignment_10/twister-out/qemu_cortex_m0/lib/custom_lib/lib.custom_lib.non_default/zephyr/include/generated -ID:/UW_assignment/firmware_workspace/zephyr/soc/arm/nordic_nrf/nrf51 -ID:/UW_assignment/firmware_workspace/zephyr/soc/arm/nordic_nrf/common/. -ID:/UW_assignment/firmware_workspace/zephyr/subsys/testsuite/include -ID:/UW_assignment/firmware_workspace/zephyr/subsys/testsuite/ztest/include -ID:/UW_assignment/firmware_workspace/assignment_9/include -ID:/UW_assignment/firmware_workspace/modules/hal/cmsis/CMSIS/Core/Include -ID:/UW_assignment/firmware_workspace/modules/hal/nordic/nrfx -ID:/UW_assignment/firmware_workspace/modules/hal/nordic/nrfx/drivers/include -ID:/UW_assignment/firmware_workspace/modules/hal/nordic/nrfx/mdk -ID:/UW_assignment/firmware_workspace/zephyr/modules/hal_nordic/nrfx/. -isystem D:/UW_assignment/firmware_workspace/zephyr/lib/libc/minimal/include -isystem c:/users/thonhan/zephyr-sdk-0.16.4/arm-zephyr-eabi/bin/../lib/gcc/arm-zephyr-eabi/12.2.0/include -isystem c:/users/thonhan/zephyr-sdk-0.16.4/arm-zephyr-eabi/bin/../lib/gcc/arm-zephyr-eabi/12.2.0/include-fixed -fno-strict-aliasing -Werror -Os -imacros D:/UW_assignment/firmware_workspace/assignment_10/twister-out/qemu_cortex_m0/lib/custom_lib/lib.custom_lib.non_default/zephyr/include/generated/autoconf.h -ffreestanding -fno-common -g -gdwarf-4 -fdiagnostics-color=always -mcpu=cortex-m0 -mthumb -mabi=aapcs -mfp16-format=ieee --sysroot=C:/Users/ThoNhan/zephyr-sdk-0.16.4/arm-zephyr-eabi/arm-zephyr-eabi -imacros D:/UW_assignment/firmware_workspace/zephyr/include/zephyr/toolchain/zephyr_stdint.h -Wall -Wformat -Wformat-security -Wno-format-zero-length -Wno-pointer-sign -Wpointer-arith -Wexpansion-to-defined -Wno-unused-but-set-variable -Werror=implicit-int -fno-pic -fno-pie -fno-asynchronous-unwind-tables -fno-reorder-functions --param=min-pagesize=0 -fno-defer-pop -fmacro-prefix-map=D:/UW_assignment/firmware_workspace/assignment_10/tests/lib/custom_lib=CMAKE_SOURCE_DIR -fmacro-prefix-map=D:/UW_assignment/firmware_workspace/zephyr=ZEPHYR_BASE -fmacro-prefix-map=D:/UW_assignment/firmware_workspace=WEST_TOPDIR -ffunction-sections -fdata-sections -std=c99 -nostdinc -MD -MT CMakeFiles/app.dir/src/main.c.obj -MF CMakeFiles\\app.dir\\src\\main.c.obj.d -o CMakeFiles/app.dir/src/main.c.obj -c D:/UW_assignment/firmware_workspace/assignment_10/tests/lib/custom_lib/src/main.c\r\nIn file included from D:/UW_assignment/firmware_workspace/zephyr/subsys/testsuite/ztest/include/zephyr/ztest.h:49,\r\n                 from D:/UW_assignment/firmware_workspace/assignment_10/tests/lib/custom_lib/src/main.c:16:\r\nD:/UW_assignment/firmware_workspace/assignment_10/tests/lib/custom_lib/src/main.c: In function 'custom_lib_test_add_two_number':\r\nD:/UW_assignment/firmware_workspace/assignment_10/tests/lib/custom_lib/src/main.c:43:23: error: implicit declaration of function 'custom_lib_add_two_number'; did you mean 'custom_lib_test_add_two_number'? [-Werror=implicit-function-declaration]\r\n   43 |         zassert_equal(custom_lib_add_two_number(1,1), 2,\r\n      |                       ^~~~~~~~~~~~~~~~~~~~~~~~~\r\nD:/UW_assignment/firmware_workspace/zephyr/subsys/testsuite/ztest/include/zephyr/ztest_assert.h:175:39: note: in definition of macro '_zassert_base'\r\n  175 |                 bool _ret = z_zassert(cond, _msg ? (\"(\" default_msg \")\") : (default_msg), __FILE__,\\\r\n      |                                       ^~~~\r\nD:/UW_assignment/firmware_workspace/zephyr/subsys/testsuite/ztest/include/zephyr/ztest_assert.h:189:9: note: in expansion of macro '_zassert_va'\r\n  189 |         _zassert_va(cond, default_msg, COND_CODE_1(__VA_OPT__(1), (__VA_ARGS__), (NULL)))\r\n      |         ^~~~~~~~~~~\r\nD:/UW_assignment/firmware_workspace/zephyr/subsys/testsuite/ztest/include/zephyr/ztest_assert.h:308:34: note: in expansion of macro 'zassert'\r\n  308 | #define zassert_equal(a, b, ...) zassert((a) == (b), #a \" not equal to \" #b, ##__VA_ARGS__)\r\n      |                                  ^~~~~~~\r\nD:/UW_assignment/firmware_workspace/assignment_10/tests/lib/custom_lib/src/main.c:43:9: note: in expansion of macro 'zassert_equal'\r\n   43 |         zassert_equal(custom_lib_add_two_number(1,1), 2,\r\n      |         ^~~~~~~~~~~~~\r\nD:/UW_assignment/firmware_workspace/assignment_10/tests/lib/custom_lib/src/main.c:45:23: error: too many arguments to function 'custom_lib_get_value'\r\n   45 |         zassert_equal(custom_lib_get_value(1, -1), 0,\r\n      |                       ^~~~~~~~~~~~~~~~~~~~\r\nD:/UW_assignment/firmware_workspace/zephyr/subsys/testsuite/ztest/include/zephyr/ztest_assert.h:175:39: note: in definition of macro '_zassert_base'\r\n  175 |                 bool _ret = z_zassert(cond, _msg ? (\"(\" default_msg \")\") : (default_msg), __FILE__,\\\r\n      |                                       ^~~~\r\nD:/UW_assignment/firmware_workspace/zephyr/subsys/testsuite/ztest/include/zephyr/ztest_assert.h:189:9: note: in expansion of macro '_zassert_va'\r\n  189 |         _zassert_va(cond, default_msg, COND_CODE_1(__VA_OPT__(1), (__VA_ARGS__), (NULL)))\r\n      |         ^~~~~~~~~~~\r\nD:/UW_assignment/firmware_workspace/zephyr/subsys/testsuite/ztest/include/zephyr/ztest_assert.h:308:34: note: in expansion of macro 'zassert'\r\n  308 | #define zassert_equal(a, b, ...) zassert((a) == (b), #a \" not equal to \" #b, ##__VA_ARGS__)\r\n      |                                  ^~~~~~~\r\nD:/UW_assignment/firmware_workspace/assignment_10/tests/lib/custom_lib/src/main.c:45:9: note: in expansion of macro 'zassert_equal'\r\n   45 |         zassert_equal(custom_lib_get_value(1, -1), 0,\r\n      |         ^~~~~~~~~~~~~\r\nIn file included from D:/UW_assignment/firmware_workspace/assignment_10/tests/lib/custom_lib/src/main.c:18:\r\nD:/UW_assignment/firmware_workspace/assignment_9/include/custom_lib/custom_lib.h:22:5: note: declared here\r\n   22 | int custom_lib_get_value(int return_value_if_nonzero);\r\n      |     ^~~~~~~~~~~~~~~~~~~~\r\nD:/UW_assignment/firmware_workspace/assignment_10/tests/lib/custom_lib/src/main.c:47:23: error: too many arguments to function 'custom_lib_get_value'\r\n   47 |         zassert_equal(custom_lib_get_value(-1,1), 0,\r\n      |                       ^~~~~~~~~~~~~~~~~~~~\r\nD:/UW_assignment/firmware_workspace/zephyr/subsys/testsuite/ztest/include/zephyr/ztest_assert.h:175:39: note: in definition of macro '_zassert_base'\r\n  175 |                 bool _ret = z_zassert(cond, _msg ? (\"(\" default_msg \")\") : (default_msg), __FILE__,\\\r\n      |                                       ^~~~\r\nD:/UW_assignment/firmware_workspace/zephyr/subsys/testsuite/ztest/include/zephyr/ztest_assert.h:189:9: note: in expansion of macro '_zassert_va'\r\n  189 |         _zassert_va(cond, default_msg, COND_CODE_1(__VA_OPT__(1), (__VA_ARGS__), (NULL)))\r\n      |         ^~~~~~~~~~~\r\nD:/UW_assignment/firmware_workspace/zephyr/subsys/testsuite/ztest/include/zephyr/ztest_assert.h:308:34: note: in expansion of macro 'zassert'\r\n  308 | #define zassert_equal(a, b, ...) zassert((a) == (b), #a \" not equal to \" #b, ##__VA_ARGS__)\r\n      |                                  ^~~~~~~\r\nD:/UW_assignment/firmware_workspace/assignment_10/tests/lib/custom_lib/src/main.c:47:9: note: in expansion of macro 'zassert_equal'\r\n   47 |         zassert_equal(custom_lib_get_value(-1,1), 0,\r\n      |         ^~~~~~~~~~~~~\r\nD:/UW_assignment/firmware_workspace/assignment_9/include/custom_lib/custom_lib.h:22:5: note: declared here\r\n   22 | int custom_lib_get_value(int return_value_if_nonzero);\r\n      |     ^~~~~~~~~~~~~~~~~~~~\r\nD:/UW_assignment/firmware_workspace/assignment_10/tests/lib/custom_lib/src/main.c:49:23: error: too many arguments to function 'custom_lib_get_value'\r\n   49 |         zassert_equal(custom_lib_get_value(1,0), 1,\r\n      |                       ^~~~~~~~~~~~~~~~~~~~\r\nD:/UW_assignment/firmware_workspace/zephyr/subsys/testsuite/ztest/include/zephyr/ztest_assert.h:175:39: note: in definition of macro '_zassert_base'\r\n  175 |                 bool _ret = z_zassert(cond, _msg ? (\"(\" default_msg \")\") : (default_msg), __FILE__,\\\r\n      |                                       ^~~~\r\nD:/UW_assignment/firmware_workspace/zephyr/subsys/testsuite/ztest/include/zephyr/ztest_assert.h:189:9: note: in expansion of macro '_zassert_va'\r\n  189 |         _zassert_va(cond, default_msg, COND_CODE_1(__VA_OPT__(1), (__VA_ARGS__), (NULL)))\r\n      |         ^~~~~~~~~~~\r\nD:/UW_assignment/firmware_workspace/zephyr/subsys/testsuite/ztest/include/zephyr/ztest_assert.h:308:34: note: in expansion of macro 'zassert'\r\n  308 | #define zassert_equal(a, b, ...) zassert((a) == (b), #a \" not equal to \" #b, ##__VA_ARGS__)\r\n      |                                  ^~~~~~~\r\nD:/UW_assignment/firmware_workspace/assignment_10/tests/lib/custom_lib/src/main.c:49:9: note: in expansion of macro 'zassert_equal'\r\n   49 |         zassert_equal(custom_lib_get_value(1,0), 1,\r\n      |         ^~~~~~~~~~~~~\r\nD:/UW_assignment/firmware_workspace/assignment_9/include/custom_lib/custom_lib.h:22:5: note: declared here\r\n   22 | int custom_lib_get_value(int return_value_if_nonzero);\r\n      |     ^~~~~~~~~~~~~~~~~~~~\r\nD:/UW_assignment/firmware_workspace/assignment_10/tests/lib/custom_lib/src/main.c:51:23: error: too many arguments to function 'custom_lib_get_value'\r\n   51 |         zassert_equal(custom_lib_get_value( -1,0), -1,\r\n      |                       ^~~~~~~~~~~~~~~~~~~~\r\nD:/UW_assignment/firmware_workspace/zephyr/subsys/testsuite/ztest/include/zephyr/ztest_assert.h:175:39: note: in definition of macro '_zassert_base'\r\n  175 |                 bool _ret = z_zassert(cond, _msg ? (\"(\" default_msg \")\") : (default_msg), __FILE__,\\\r\n      |                                       ^~~~\r\nD:/UW_assignment/firmware_workspace/zephyr/subsys/testsuite/ztest/include/zephyr/ztest_assert.h:189:9: note: in expansion of macro '_zassert_va'\r\n  189 |         _zassert_va(cond, default_msg, COND_CODE_1(__VA_OPT__(1), (__VA_ARGS__), (NULL)))\r\n      |         ^~~~~~~~~~~\r\nD:/UW_assignment/firmware_workspace/zephyr/subsys/testsuite/ztest/include/zephyr/ztest_assert.h:308:34: note: in expansion of macro 'zassert'\r\n  308 | #define zassert_equal(a, b, ...) zassert((a) == (b), #a \" not equal to \" #b, ##__VA_ARGS__)\r\n      |                                  ^~~~~~~\r\nD:/UW_assignment/firmware_workspace/assignment_10/tests/lib/custom_lib/src/main.c:51:9: note: in expansion of macro 'zassert_equal'\r\n   51 |         zassert_equal(custom_lib_get_value( -1,0), -1,\r\n      |         ^~~~~~~~~~~~~\r\nD:/UW_assignment/firmware_workspace/assignment_9/include/custom_lib/custom_lib.h:22:5: note: declared here\r\n   22 | int custom_lib_get_value(int return_value_if_nonzero);\r\n      |     ^~~~~~~~~~~~~~~~~~~~\r\nD:/UW_assignment/firmware_workspace/assignment_10/tests/lib/custom_lib/src/main.c:53:23: error: too many arguments to function 'custom_lib_get_value'\r\n   53 |         zassert_equal(custom_lib_get_value(0,0), 0,\r\n      |                       ^~~~~~~~~~~~~~~~~~~~\r\nD:/UW_assignment/firmware_workspace/zephyr/subsys/testsuite/ztest/include/zephyr/ztest_assert.h:175:39: note: in definition of macro '_zassert_base'\r\n  175 |                 bool _ret = z_zassert(cond, _msg ? (\"(\" default_msg \")\") : (default_msg), __FILE__,\\\r\n      |                                       ^~~~\r\nD:/UW_assignment/firmware_workspace/zephyr/subsys/testsuite/ztest/include/zephyr/ztest_assert.h:189:9: note: in expansion of macro '_zassert_va'\r\n  189 |         _zassert_va(cond, default_msg, COND_CODE_1(__VA_OPT__(1), (__VA_ARGS__), (NULL)))\r\n      |         ^~~~~~~~~~~\r\nD:/UW_assignment/firmware_workspace/zephyr/subsys/testsuite/ztest/include/zephyr/ztest_assert.h:308:34: note: in expansion of macro 'zassert'\r\n  308 | #define zassert_equal(a, b, ...) zassert((a) == (b), #a \" not equal to \" #b, ##__VA_ARGS__)\r\n      |                                  ^~~~~~~\r\nD:/UW_assignment/firmware_workspace/assignment_10/tests/lib/custom_lib/src/main.c:53:9: note: in expansion of macro 'zassert_equal'\r\r\n   53 |         zassert_equal(custom_lib_get_value(0,0), 0,\r\r\n      |         ^~~~~~~~~~~~~\r\r\nD:/UW_assignment/firmware_workspace/assignment_9/include/custom_lib/custom_lib.h:22:5: note: declared here\r\r\n   22 | int custom_lib_get_value(int return_value_if_nonzero);\r\r\n      |     ^~~~~~~~~~~~~~~~~~~~\r\r\ncc1.exe: all warnings being treated as errors\r\r\n[9/163] Building C object zephyr/CMakeFiles/zephyr.dir/lib/os/sem.c.obj\r\r\n[10/163] Building C object zephyr/CMakeFiles/zephyr.dir/lib/os/hex.c.obj\r\r\n[11/163] Building C object zephyr/CMakeFiles/zephyr.dir/lib/os/dec.c.obj\r\r\n[12/163] Building C object zephyr/CMakeFiles/zephyr.dir/lib/os/timeutil.c.obj\r\r\n[13/163] Building C object zephyr/CMakeFiles/zephyr.dir/lib/os/thread_entry.c.obj\r\r\n[14/163] Building C object zephyr/CMakeFiles/zephyr.dir/lib/os/fdtable.c.obj\r\r\n[15/163] Building C object zephyr/CMakeFiles/zephyr.dir/lib/os/printk.c.obj\r\r\n[16/163] Building C object zephyr/CMakeFiles/zephyr.dir/lib/os/rb.c.obj\r\r\n[17/163] Building C object zephyr/CMakeFiles/zephyr.dir/lib/os/cbprintf_packaged.c.obj\r\r\nninja: build stopped: subcommand failed.\r\r\n",
            "execution_time":"0.00",
            "testcases":[
                {
                    "identifier":"lib.custom_lib.non_default.get_value",
                    "execution_time":"0.00",
                    "status":"blocked",
                    "reason":"Build failure"
                },
                {
                    "identifier":"lib.custom_lib.non_default.add_two_number",
                    "execution_time":"0.00",
                    "status":"blocked",
                    "reason":"Build failure"
                }
            ]
        }
    ]
}